          id  ...                                      image_path
0  201238668  ...  ../planttraits2024//test_images/201238668.jpeg
1  202310319  ...  ../planttraits2024//test_images/202310319.jpeg

[2 rows x 165 columns]

Testing:   0%|          | 0/819 [00:00<?, ?it/s]
Testing:   0%|          | 1/819 [00:02<40:12,  2.95s/it]
Testing:   1%|          | 6/819 [00:03<05:11,  2.61it/s]
Testing:   1%|▏         | 11/819 [00:03<02:34,  5.23it/s]
Testing:   2%|▏         | 15/819 [00:03<01:47,  7.49it/s]
Testing:   2%|▏         | 19/819 [00:03<01:23,  9.56it/s]
Testing:   3%|▎         | 23/819 [00:03<01:07, 11.75it/s]
Testing:   3%|▎         | 26/819 [00:03<00:57, 13.91it/s]
Testing:   4%|▎         | 29/819 [00:04<00:54, 14.46it/s]
Testing:   4%|▍         | 33/819 [00:04<00:46, 16.89it/s]
Testing:   5%|▍         | 37/819 [00:04<00:45, 17.37it/s]
Testing:   5%|▌         | 41/819 [00:04<00:40, 19.22it/s]
Testing:   5%|▌         | 45/819 [00:04<00:37, 20.52it/s]
Testing:   6%|▌         | 49/819 [00:05<00:38, 19.94it/s]
Testing:   6%|▋         | 53/819 [00:05<00:34, 22.03it/s]
Testing:   7%|▋         | 57/819 [00:05<00:36, 20.99it/s]
Testing:   7%|▋         | 61/819 [00:05<00:35, 21.08it/s]
Testing:   8%|▊         | 65/819 [00:05<00:36, 20.60it/s]
Testing:   8%|▊         | 69/819 [00:05<00:37, 20.27it/s]
Testing:   9%|▉         | 73/819 [00:06<00:34, 21.78it/s]
Testing:   9%|▉         | 77/819 [00:06<00:34, 21.55it/s]
Testing:  10%|▉         | 81/819 [00:06<00:33, 21.75it/s]
Testing:  10%|█         | 85/819 [00:06<00:32, 22.55it/s]
Testing:  11%|█         | 89/819 [00:06<00:33, 22.11it/s]
Testing:  11%|█▏        | 93/819 [00:07<00:35, 20.30it/s]
Testing:  12%|█▏        | 97/819 [00:07<00:34, 21.23it/s]
Testing:  12%|█▏        | 101/819 [00:07<00:32, 22.41it/s]
Testing:  13%|█▎        | 105/819 [00:07<00:31, 22.49it/s]
Testing:  13%|█▎        | 109/819 [00:07<00:29, 23.74it/s]
Testing:  14%|█▍        | 113/819 [00:07<00:31, 22.65it/s]
Testing:  14%|█▍        | 117/819 [00:08<00:31, 22.09it/s]
Testing:  15%|█▍        | 121/819 [00:08<00:30, 23.00it/s]
Testing:  15%|█▌        | 125/819 [00:08<00:29, 23.31it/s]
Testing:  16%|█▌        | 129/819 [00:08<00:29, 23.51it/s]
Testing:  16%|█▌        | 133/819 [00:08<00:28, 24.05it/s]
Testing:  17%|█▋        | 136/819 [00:08<00:29, 23.04it/s]
Testing:  17%|█▋        | 139/819 [00:09<00:31, 21.66it/s]
Testing:  17%|█▋        | 143/819 [00:09<00:29, 23.06it/s]
Testing:  18%|█▊        | 146/819 [00:09<00:28, 23.75it/s]
Testing:  18%|█▊        | 149/819 [00:09<00:29, 22.67it/s]
Testing:  19%|█▊        | 152/819 [00:09<00:28, 23.31it/s]
Testing:  19%|█▉        | 155/819 [00:09<00:30, 21.51it/s]
Testing:  19%|█▉        | 158/819 [00:09<00:31, 21.02it/s]
Testing:  20%|█▉        | 161/819 [00:10<00:31, 21.05it/s]
Testing:  20%|██        | 165/819 [00:10<00:29, 22.33it/s]
Testing:  21%|██        | 169/819 [00:10<00:28, 22.91it/s]
Testing:  21%|██        | 173/819 [00:10<00:30, 21.48it/s]
Testing:  22%|██▏       | 177/819 [00:10<00:28, 22.14it/s]
Testing:  22%|██▏       | 181/819 [00:10<00:29, 22.00it/s]
Testing:  23%|██▎       | 185/819 [00:11<00:28, 22.54it/s]
Testing:  23%|██▎       | 189/819 [00:11<00:33, 19.04it/s]
Testing:  24%|██▎       | 193/819 [00:11<00:31, 19.77it/s]
Testing:  24%|██▍       | 197/819 [00:11<00:29, 21.01it/s]
Testing:  25%|██▍       | 201/819 [00:11<00:28, 21.79it/s]
Testing:  25%|██▌       | 205/819 [00:12<00:27, 22.63it/s]
Testing:  26%|██▌       | 209/819 [00:12<00:24, 24.92it/s]
Testing:  26%|██▌       | 213/819 [00:12<00:25, 24.17it/s]
Testing:  26%|██▋       | 217/819 [00:12<00:24, 24.97it/s]
Testing:  27%|██▋       | 221/819 [00:12<00:22, 26.81it/s]
Testing:  27%|██▋       | 225/819 [00:12<00:24, 23.97it/s]
Testing:  28%|██▊       | 229/819 [00:13<00:25, 23.36it/s]
Testing:  28%|██▊       | 233/819 [00:13<00:24, 23.67it/s]
Testing:  29%|██▉       | 237/819 [00:13<00:24, 23.77it/s]
Testing:  29%|██▉       | 241/819 [00:13<00:23, 24.57it/s]
Testing:  30%|██▉       | 245/819 [00:13<00:23, 24.80it/s]
Testing:  30%|███       | 249/819 [00:13<00:22, 25.66it/s]
Testing:  31%|███       | 252/819 [00:14<00:27, 20.77it/s]
Testing:  31%|███▏      | 256/819 [00:14<00:24, 22.62it/s]
Testing:  32%|███▏      | 260/819 [00:14<00:25, 22.00it/s]
Testing:  32%|███▏      | 264/819 [00:14<00:23, 23.67it/s]
Testing:  33%|███▎      | 268/819 [00:14<00:22, 24.86it/s]
Testing:  33%|███▎      | 272/819 [00:14<00:21, 25.60it/s]
Testing:  34%|███▎      | 276/819 [00:15<00:23, 23.55it/s]
Testing:  34%|███▍      | 280/819 [00:15<00:22, 23.56it/s]
Testing:  35%|███▍      | 284/819 [00:15<00:22, 23.94it/s]
Testing:  35%|███▌      | 288/819 [00:15<00:20, 26.48it/s]
Testing:  36%|███▌      | 291/819 [00:15<00:20, 26.18it/s]
Testing:  36%|███▌      | 294/819 [00:15<00:20, 25.32it/s]
Testing:  36%|███▋      | 297/819 [00:15<00:22, 23.62it/s]
Testing:  37%|███▋      | 301/819 [00:16<00:20, 25.25it/s]
Testing:  37%|███▋      | 304/819 [00:16<00:20, 25.75it/s]
Testing:  37%|███▋      | 307/819 [00:16<00:22, 22.61it/s]
Testing:  38%|███▊      | 310/819 [00:16<00:22, 23.04it/s]
Testing:  38%|███▊      | 313/819 [00:16<00:21, 23.22it/s]
Testing:  39%|███▊      | 317/819 [00:16<00:22, 22.51it/s]
Testing:  39%|███▉      | 321/819 [00:16<00:22, 22.47it/s]
Testing:  40%|███▉      | 325/819 [00:17<00:19, 24.80it/s]
Testing:  40%|████      | 329/819 [00:17<00:19, 24.56it/s]
Testing:  41%|████      | 333/819 [00:17<00:19, 24.54it/s]
Testing:  41%|████      | 337/819 [00:17<00:20, 23.95it/s]
Testing:  42%|████▏     | 341/819 [00:17<00:19, 24.04it/s]
Testing:  42%|████▏     | 345/819 [00:17<00:19, 24.88it/s]
Testing:  43%|████▎     | 349/819 [00:18<00:18, 25.73it/s]
Testing:  43%|████▎     | 353/819 [00:18<00:18, 24.94it/s]
Testing:  44%|████▎     | 357/819 [00:18<00:18, 25.15it/s]
Testing:  44%|████▍     | 361/819 [00:18<00:18, 25.08it/s]
Testing:  45%|████▍     | 365/819 [00:18<00:18, 24.89it/s]
Testing:  45%|████▌     | 369/819 [00:18<00:17, 26.13it/s]
Testing:  46%|████▌     | 373/819 [00:18<00:15, 28.87it/s]
Testing:  46%|████▌     | 376/819 [00:19<00:15, 28.62it/s]
Testing:  46%|████▋     | 379/819 [00:19<00:16, 26.03it/s]
Testing:  47%|████▋     | 382/819 [00:19<00:19, 21.89it/s]
Testing:  47%|████▋     | 386/819 [00:19<00:18, 22.89it/s]
Testing:  48%|████▊     | 390/819 [00:19<00:18, 23.07it/s]
Testing:  48%|████▊     | 394/819 [00:19<00:17, 23.76it/s]
Testing:  49%|████▊     | 398/819 [00:20<00:18, 23.00it/s]
Testing:  49%|████▉     | 402/819 [00:20<00:18, 22.96it/s]
Testing:  50%|████▉     | 406/819 [00:20<00:17, 23.51it/s]
Testing:  50%|█████     | 410/819 [00:20<00:16, 24.95it/s]
Testing:  51%|█████     | 414/819 [00:20<00:15, 25.54it/s]
Testing:  51%|█████     | 418/819 [00:20<00:15, 25.40it/s]
Testing:  52%|█████▏    | 422/819 [00:21<00:22, 17.40it/s]
Testing:  52%|█████▏    | 426/819 [00:21<00:20, 19.24it/s]
Testing:  53%|█████▎    | 430/819 [00:21<00:19, 20.42it/s]
Testing:  53%|█████▎    | 434/819 [00:21<00:17, 21.50it/s]
Testing:  53%|█████▎    | 438/819 [00:21<00:16, 23.46it/s]
Testing:  54%|█████▍    | 442/819 [00:22<00:16, 22.76it/s]
Testing:  54%|█████▍    | 446/819 [00:22<00:15, 24.46it/s]
Testing:  55%|█████▍    | 450/819 [00:22<00:14, 24.73it/s]
Testing:  55%|█████▌    | 454/819 [00:22<00:16, 22.79it/s]
Testing:  56%|█████▌    | 458/819 [00:22<00:15, 23.06it/s]
Testing:  56%|█████▋    | 462/819 [00:22<00:15, 23.66it/s]
Testing:  57%|█████▋    | 466/819 [00:23<00:14, 23.67it/s]
Testing:  57%|█████▋    | 470/819 [00:23<00:14, 23.49it/s]
Testing:  58%|█████▊    | 474/819 [00:23<00:13, 24.66it/s]
Testing:  58%|█████▊    | 478/819 [00:23<00:13, 24.97it/s]
Testing:  59%|█████▉    | 482/819 [00:23<00:14, 23.93it/s]
Testing:  59%|█████▉    | 486/819 [00:23<00:14, 23.45it/s]
Testing:  60%|█████▉    | 490/819 [00:23<00:13, 23.82it/s]
Testing:  60%|██████    | 494/819 [00:24<00:13, 24.29it/s]
Testing:  61%|██████    | 498/819 [00:24<00:12, 25.16it/s]
Testing:  61%|██████▏   | 502/819 [00:24<00:13, 23.88it/s]
Testing:  62%|██████▏   | 506/819 [00:24<00:13, 23.65it/s]
Testing:  62%|██████▏   | 510/819 [00:24<00:12, 25.09it/s]
Testing:  63%|██████▎   | 514/819 [00:24<00:11, 26.13it/s]
Testing:  63%|██████▎   | 518/819 [00:25<00:12, 24.22it/s]
Testing:  64%|██████▎   | 522/819 [00:25<00:12, 23.93it/s]
Testing:  64%|██████▍   | 526/819 [00:25<00:11, 25.18it/s]
Testing:  65%|██████▍   | 530/819 [00:25<00:11, 24.96it/s]
Testing:  65%|██████▌   | 534/819 [00:25<00:10, 26.19it/s]
Testing:  66%|██████▌   | 537/819 [00:25<00:10, 26.88it/s]
Testing:  66%|██████▌   | 540/819 [00:25<00:10, 25.78it/s]
Testing:  66%|██████▋   | 543/819 [00:26<00:11, 24.32it/s]
Testing:  67%|██████▋   | 546/819 [00:26<00:11, 24.50it/s]
Testing:  67%|██████▋   | 550/819 [00:26<00:11, 23.33it/s]
Testing:  68%|██████▊   | 554/819 [00:26<00:10, 25.43it/s]
Testing:  68%|██████▊   | 558/819 [00:26<00:10, 24.04it/s]
Testing:  69%|██████▊   | 562/819 [00:26<00:10, 25.06it/s]
Testing:  69%|██████▉   | 566/819 [00:27<00:09, 25.82it/s]
Testing:  69%|██████▉   | 569/819 [00:27<00:09, 25.52it/s]
Testing:  70%|██████▉   | 572/819 [00:27<00:10, 22.98it/s]
Testing:  70%|███████   | 575/819 [00:27<00:12, 19.97it/s]
Testing:  71%|███████   | 578/819 [00:27<00:11, 20.33it/s]
Testing:  71%|███████   | 582/819 [00:27<00:11, 19.85it/s]
Testing:  72%|███████▏  | 586/819 [00:28<00:10, 21.38it/s]
Testing:  72%|███████▏  | 590/819 [00:28<00:10, 21.62it/s]
Testing:  73%|███████▎  | 594/819 [00:28<00:10, 22.31it/s]
Testing:  73%|███████▎  | 598/819 [00:28<00:09, 22.74it/s]
Testing:  74%|███████▎  | 602/819 [00:28<00:09, 24.10it/s]
Testing:  74%|███████▍  | 606/819 [00:28<00:09, 23.51it/s]
Testing:  74%|███████▍  | 610/819 [00:28<00:08, 25.11it/s]
Testing:  75%|███████▍  | 614/819 [00:29<00:07, 26.02it/s]
Testing:  75%|███████▌  | 618/819 [00:29<00:07, 25.83it/s]
Testing:  76%|███████▌  | 622/819 [00:29<00:07, 25.34it/s]
Testing:  76%|███████▋  | 626/819 [00:29<00:07, 24.20it/s]
Testing:  77%|███████▋  | 630/819 [00:29<00:07, 25.17it/s]
Testing:  77%|███████▋  | 634/819 [00:29<00:07, 25.89it/s]
Testing:  78%|███████▊  | 638/819 [00:30<00:07, 24.34it/s]
Testing:  78%|███████▊  | 642/819 [00:30<00:07, 23.79it/s]
Testing:  79%|███████▉  | 646/819 [00:30<00:07, 24.50it/s]
Testing:  79%|███████▉  | 650/819 [00:30<00:06, 26.14it/s]
Testing:  80%|███████▉  | 654/819 [00:30<00:06, 25.61it/s]
Testing:  80%|████████  | 658/819 [00:30<00:06, 26.59it/s]
Testing:  81%|████████  | 662/819 [00:31<00:06, 25.08it/s]
Testing:  81%|████████▏ | 666/819 [00:31<00:05, 25.88it/s]
Testing:  82%|████████▏ | 670/819 [00:31<00:05, 26.07it/s]
Testing:  82%|████████▏ | 674/819 [00:31<00:05, 27.47it/s]
Testing:  83%|████████▎ | 678/819 [00:31<00:05, 25.96it/s]
Testing:  83%|████████▎ | 682/819 [00:31<00:05, 26.88it/s]
Testing:  84%|████████▍ | 686/819 [00:31<00:05, 25.22it/s]
Testing:  84%|████████▍ | 690/819 [00:32<00:05, 23.39it/s]
Testing:  85%|████████▍ | 694/819 [00:32<00:05, 24.27it/s]
Testing:  85%|████████▌ | 698/819 [00:32<00:05, 23.36it/s]
Testing:  86%|████████▌ | 702/819 [00:32<00:04, 25.50it/s]
Testing:  86%|████████▌ | 706/819 [00:32<00:04, 25.70it/s]
Testing:  87%|████████▋ | 710/819 [00:32<00:04, 23.23it/s]
Testing:  87%|████████▋ | 714/819 [00:33<00:04, 22.68it/s]
Testing:  88%|████████▊ | 718/819 [00:33<00:04, 24.15it/s]
Testing:  88%|████████▊ | 722/819 [00:33<00:03, 26.12it/s]
Testing:  89%|████████▊ | 726/819 [00:33<00:03, 27.13it/s]
Testing:  89%|████████▉ | 730/819 [00:33<00:03, 25.80it/s]
Testing:  90%|████████▉ | 734/819 [00:33<00:03, 24.61it/s]
Testing:  90%|█████████ | 738/819 [00:34<00:03, 24.31it/s]
Testing:  91%|█████████ | 742/819 [00:34<00:03, 25.45it/s]
Testing:  91%|█████████ | 746/819 [00:34<00:02, 27.85it/s]
Testing:  92%|█████████▏| 750/819 [00:34<00:02, 25.11it/s]
Testing:  92%|█████████▏| 754/819 [00:34<00:02, 25.25it/s]
Testing:  93%|█████████▎| 758/819 [00:34<00:02, 24.76it/s]
Testing:  93%|█████████▎| 762/819 [00:34<00:02, 26.86it/s]
Testing:  94%|█████████▎| 766/819 [00:35<00:01, 27.19it/s]
Testing:  94%|█████████▍| 770/819 [00:35<00:01, 28.12it/s]
Testing:  95%|█████████▍| 774/819 [00:35<00:01, 26.67it/s]
Testing:  95%|█████████▍| 777/819 [00:35<00:01, 24.44it/s]
Testing:  95%|█████████▌| 780/819 [00:35<00:01, 24.30it/s]
Testing:  96%|█████████▌| 784/819 [00:35<00:01, 23.87it/s]
Testing:  96%|█████████▌| 788/819 [00:36<00:01, 23.19it/s]
Testing:  97%|█████████▋| 792/819 [00:36<00:01, 22.99it/s]
Testing:  97%|█████████▋| 796/819 [00:36<00:00, 25.04it/s]
Testing:  98%|█████████▊| 800/819 [00:36<00:00, 26.69it/s]
Testing:  98%|█████████▊| 804/819 [00:36<00:00, 26.61it/s]
Testing:  99%|█████████▊| 808/819 [00:36<00:00, 27.98it/s]
Testing:  99%|█████████▉| 812/819 [00:36<00:00, 28.33it/s]
Testing: 100%|█████████▉| 816/819 [00:37<00:00, 26.97it/s]
Testing: 100%|██████████| 819/819 [00:37<00:00, 21.49it/s]
Testing: 100%|██████████| 819/819 [00:37<00:00, 21.94it/s]
